0 info it worked if it ends with ok
1 verbose cli [ '/usr/local/bin/node',
1 verbose cli   '/usr/local/lib/node_modules/cnpm/node_modules/.bin/npm',
1 verbose cli   '--userconfig=/Users/fc/.cnpmrc',
1 verbose cli   '--disturl=https://npm.taobao.org/mirrors/node',
1 verbose cli   '--cache=/Users/fc/.cnpm',
1 verbose cli   '--registry=https://registry.npm.taobao.org',
1 verbose cli   '--node-gyp=/usr/local/lib/node_modules/cnpm/node_modules/pangyp/bin/node-gyp.js',
1 verbose cli   'adduser' ]
2 info using npm@2.13.4
3 info using node@v4.2.1
4 verbose adduser before first PUT { _id: 'org.couchdb.user:focuscare',
4 verbose adduser   name: 'focuscare',
4 verbose adduser   password: 'XXXXX',
4 verbose adduser   email: 'carefree527@163.com',
4 verbose adduser   type: 'user',
4 verbose adduser   roles: [],
4 verbose adduser   date: '2016-01-05T07:17:59.191Z' }
5 verbose request uri https://registry.npm.taobao.org/-/user/org.couchdb.user:focuscare
6 verbose request new user, so can't send auth
7 info attempt registry request try #1 at 15:17:59
8 verbose request id 740f979370938a89
9 http request PUT https://registry.npm.taobao.org/-/user/org.couchdb.user:focuscare
10 http 409 https://registry.npm.taobao.org/-/user/org.couchdb.user:focuscare
11 verbose headers { date: 'Tue, 05 Jan 2016 07:17:59 GMT',
11 verbose headers   'content-type': 'application/json; charset=utf-8',
11 verbose headers   'content-length': '62',
11 verbose headers   connection: 'keep-alive',
11 verbose headers   'x-readtime': '11' }
12 verbose request invalidating /Users/fc/.cnpm/registry.npm.taobao.org/-/user/org.couchdb.user_3Afocuscare on PUT
13 verbose adduser update existing user
14 verbose request uri https://registry.npm.taobao.org/-/user/org.couchdb.user:focuscare?write=true
15 verbose request no auth needed
16 info attempt registry request try #1 at 15:17:59
17 http request GET https://registry.npm.taobao.org/-/user/org.couchdb.user:focuscare?write=true
18 http 200 https://registry.npm.taobao.org/-/user/org.couchdb.user:focuscare?write=true
19 verbose adduser userobj { _id: 'org.couchdb.user:focuscare',
19 verbose adduser   name: 'focuscare',
19 verbose adduser   password: 'XXXXX',
19 verbose adduser   email: 'carefree527@163.com',
19 verbose adduser   type: 'user',
19 verbose adduser   roles: [],
19 verbose adduser   date: '2016-01-05T07:17:59.191Z' }
20 verbose request uri https://registry.npm.taobao.org/-/user/org.couchdb.user:focuscare/-rev/3-058c1c89edae41045f15b89005e3a372
21 verbose request updating existing user; sending authorization
22 info attempt registry request try #1 at 15:17:59
23 http request PUT https://registry.npm.taobao.org/-/user/org.couchdb.user:focuscare/-rev/3-058c1c89edae41045f15b89005e3a372
24 http 401 https://registry.npm.taobao.org/-/user/org.couchdb.user:focuscare/-rev/3-058c1c89edae41045f15b89005e3a372
25 verbose headers { date: 'Tue, 05 Jan 2016 07:17:59 GMT',
25 verbose headers   'content-type': 'application/json; charset=utf-8',
25 verbose headers   'content-length': '47',
25 verbose headers   connection: 'keep-alive',
25 verbose headers   'x-readtime': '8' }
26 verbose request invalidating /Users/fc/.cnpm/registry.npm.taobao.org/-/user/org.couchdb.user_3Afocuscare on PUT
27 verbose adduser back [ { [Error: unauthorized Login first: -/user/org.couchdb.user:focuscare/-rev/3-058c1c89edae41045f15b89005e3a372] statusCode: 401, code: 'E401' },
27 verbose adduser   { error: 'unauthorized', reason: 'Login first' },
27 verbose adduser   '{"error":"unauthorized","reason":"Login first"}' ]
28 warn adduser Incorrect username or password
28 warn adduser You can reset your account by visiting:
28 warn adduser
28 warn adduser     https://npmjs.org/forgot
29 verbose stack Error: unauthorized Login first: -/user/org.couchdb.user:focuscare/-rev/3-058c1c89edae41045f15b89005e3a372
29 verbose stack     at CachingRegistryClient.<anonymous> (/usr/local/lib/node_modules/cnpm/node_modules/npm/node_modules/npm-registry-client/lib/request.js:247:14)
29 verbose stack     at Request._callback (/usr/local/lib/node_modules/cnpm/node_modules/npm/node_modules/npm-registry-client/lib/request.js:170:14)
29 verbose stack     at Request.self.callback (/usr/local/lib/node_modules/cnpm/node_modules/npm/node_modules/request/request.js:198:22)
29 verbose stack     at emitTwo (events.js:87:13)
29 verbose stack     at Request.emit (events.js:172:7)
29 verbose stack     at Request.<anonymous> (/usr/local/lib/node_modules/cnpm/node_modules/npm/node_modules/request/request.js:1057:14)
29 verbose stack     at emitOne (events.js:82:20)
29 verbose stack     at Request.emit (events.js:169:7)
29 verbose stack     at IncomingMessage.<anonymous> (/usr/local/lib/node_modules/cnpm/node_modules/npm/node_modules/request/request.js:1003:12)
29 verbose stack     at emitNone (events.js:72:20)
30 verbose statusCode 401
31 verbose cwd /Users/fc/GitHub/mix-gulp-sass
32 error Darwin 14.3.0
33 error argv "/usr/local/bin/node" "/usr/local/lib/node_modules/cnpm/node_modules/.bin/npm" "--userconfig=/Users/fc/.cnpmrc" "--disturl=https://npm.taobao.org/mirrors/node" "--cache=/Users/fc/.cnpm" "--registry=https://registry.npm.taobao.org" "--node-gyp=/usr/local/lib/node_modules/cnpm/node_modules/pangyp/bin/node-gyp.js" "adduser"
34 error node v4.2.1
35 error npm  v2.13.4
36 error code E401
37 error unauthorized Login first: -/user/org.couchdb.user:focuscare/-rev/3-058c1c89edae41045f15b89005e3a372
38 error If you need help, you may report this error at:
38 error     <https://github.com/npm/npm/issues>
39 verbose exit [ 1, true ]
